<?xml version="1.0" encoding="UTF-8"?>
<testng-results ignored="0" total="1" passed="1" failed="0" skipped="0">
  <reporter-output>
  </reporter-output>
  <suite started-at="2023-10-19T20:09:22Z" name="Default suite" finished-at="2023-10-19T20:09:39Z" duration-ms="17238">
    <groups>
      <group name="cucumber">
        <method signature="AbstractTestNGCucumberTests.runScenario(io.cucumber.testng.PickleWrapper, io.cucumber.testng.FeatureWrapper)[pri:0, instance:runner.RunProject@60f7cc1d]" name="runScenario" class="io.cucumber.testng.AbstractTestNGCucumberTests"/>
      </group> <!-- cucumber -->
    </groups>
    <test started-at="2023-10-19T20:09:22Z" name="Default test" finished-at="2023-10-19T20:09:39Z" duration-ms="17238">
      <class name="runner.RunProject">
        <test-method is-config="true" signature="setUpClass(org.testng.ITestContext)[pri:0, instance:runner.RunProject@60f7cc1d]" started-at="2023-10-19T20:09:22Z" name="setUpClass" finished-at="2023-10-19T20:09:22Z" duration-ms="738" status="PASS">
          <params>
            <param index="0">
              <value>
                <![CDATA[org.testng.TestRunner@4b9fa2f]]>
              </value>
            </param>
          </params>
          <reporter-output>
          </reporter-output>
        </test-method> <!-- setUpClass -->
        <test-method signature="runScenario(io.cucumber.testng.PickleWrapper, io.cucumber.testng.FeatureWrapper)[pri:0, instance:runner.RunProject@60f7cc1d]" started-at="2023-10-19T20:09:22Z" name="runScenario" description="Runs Cucumber Scenarios" data-provider="scenarios" finished-at="2023-10-19T20:09:38Z" duration-ms="15639" status="PASS">
          <params>
            <param index="0">
              <value>
                <![CDATA["Handle multiple types of Alert"]]>
              </value>
            </param>
            <param index="1">
              <value>
                <![CDATA["Verify Alerts"]]>
              </value>
            </param>
          </params>
          <reporter-output>
          </reporter-output>
        </test-method> <!-- runScenario -->
        <test-method is-config="true" signature="tearDownClass()[pri:0, instance:runner.RunProject@60f7cc1d]" started-at="2023-10-19T20:09:38Z" name="tearDownClass" finished-at="2023-10-19T20:09:39Z" duration-ms="727" status="PASS">
          <reporter-output>
          </reporter-output>
        </test-method> <!-- tearDownClass -->
      </class> <!-- runner.RunProject -->
    </test> <!-- Default test -->
  </suite> <!-- Default suite -->
</testng-results>
